WARNING:tensorflow:From /Users/wangtaiyi/opt/anaconda3/lib/python3.7/site-packages/tensorflow/python/compat/v2_compat.py:111: disable_resource_variables (from tensorflow.python.ops.variable_scope) is deprecated and will be removed in a future version.
Instructions for updating:
non-resource variables are not supported in the long term
22-05-25 16:47:53:WARNING:From /Users/wangtaiyi/opt/anaconda3/lib/python3.7/site-packages/tensorflow/python/compat/v2_compat.py:111: disable_resource_variables (from tensorflow.python.ops.variable_scope) is deprecated and will be removed in a future version.
Instructions for updating:
non-resource variables are not supported in the long term
pygame 2.1.2 (SDL 2.0.18, Python 3.7.12)
Hello from the pygame community. https://www.pygame.org/contribute.html
INFO / postgres_controller / Starting controller script...

INFO / postgres_controller / agent config: {'type': 'dqn', 'discount': 0.99, 'huber_loss': True, 'optimizer_spec': {'type': 'adam', 'learning_rate': 0.00025}, 'memory_spec': {'type': 'prioritized_replay', 'capacity': 2048}, 'observe_spec': {'buffer_enabled': False}, 'network_spec': [{'type': 'embedding', 'embed_dim': 128, 'vocab_size': 0}, {'type': 'reshape', 'flatten': True}, {'type': 'dense', 'units': 128, 'activation': 'relu', 'scope': 'dense_1'}], 'dueling_q': True, 'shared_container_action_target': False, 'policy_spec': {'type': 'dueling-policy', 'units_state_value_stream': 32, 'action_adapter_spec': {'pre_network_spec': [{'type': 'dense', 'units': 32}]}}, 'exploration_spec': {'epsilon_spec': {'decay_spec': {'type': 'linear_decay', 'from': 1.0, 'to': 0.05, 'start_timestep': 0, 'num_timesteps': 4000}}}, 'update_spec': {'update_mode': 'time_steps', 'do_updates': True, 'update_interval': 4, 'steps_before_update': 32, 'batch_size': 32, 'sync_interval': 24, 'update_steps': 4}}

INFO / postgres_controller / schema config: {'input_sequence_size': 16, 'include_default': False, 'max_fields_per_index': 3}

INFO / postgres_controller / experiment config: {'max_size': 0, 'max_runtime': 0, 'reward_penalty': 0, 'runtime_weight': 1.0, 'size_weight': 0.001, 'n_selections': 3, 'n_workloads_per_episode': 3, 'n_queries_per_workload': 5, 'n_train_episodes': 5, 'n_test_episodes': 3, 'n_executions': 3, 'n_opentuner_search_steps': 5, 'tables': ['lineitem']}

INFO / postgres_controller / computing column selectivities...

INFO / postgres_controller / ...took 0.00 seconds

INFO / agent / Parsed state space definition: Intbox((16,) <class 'numpy.int32'> )

INFO / agent / Parsed action space definition: Dict([('index_column0', "Intbox(() <class 'numpy.int32'> )"), ('index_column1', "Intbox(() <class 'numpy.int32'> )"), ('index_column2', "Intbox(() <class 'numpy.int32'> )")])

INFO / agent / No preprocessing required.

Expose API sync from synchronizable to dueling-policy code:
@rlgraph_api(component=self, must_be_complete=False, ok_to_overwrite=False)
def sync(self, values_):
	return getattr(self.sub_components['synchronizable'], 'sync')(values_)

INFO / graph_executor / Execution spec is: {'mode': 'single', 'distributed_spec': None, 'disable_monitoring': False, 'gpu_spec': {'gpus_enabled': False, 'max_usable_gpus': 0, 'fake_gpus_if_necessary': False, 'cuda_devices': None, 'per_process_gpu_memory_fraction': None, 'allow_memory_growth': False}, 'device_strategy': 'default', 'default_device': None, 'device_map': {}, 'session_config': {'type': 'monitored-training-session', 'allow_soft_placement': True, 'log_device_placement': False}, 'seed': None, 'enable_profiler': False, 'profiler_frequency': 1000, 'enable_timeline': False, 'timeline_frequency': 1}

2022-05-25 16:47:55.401866: I tensorflow/core/platform/cpu_feature_guard.cc:151] This TensorFlow binary is optimized with oneAPI Deep Neural Network Library (oneDNN) to use the following CPU instructions in performance-critical operations:  AVX2 FMA
To enable them in other operations, rebuild TensorFlow with the appropriate compiler flags.
WARNING / tensorflow_executor / `device_map` given for device-strategy=`default`. Map will be ignored. Use device-strategy=`custom` together with a `device_map`.

INFO / tensorflow_executor / Initializing graph executor with default device strategy. Backend will assign all visible devices.

INFO / tensorflow_executor / GPUs enabled: False. Usable GPUs: None

INFO / graph_executor / Components created: 94

INFO / meta_graph_builder / Meta-graph build completed in 0.7639939610000006 s.

INFO / meta_graph_builder / Meta-graph op-records generated: 942

/Users/wangtaiyi/opt/anaconda3/lib/python3.7/site-packages/psycopg2/__init__.py:144: UserWarning: The psycopg2 wheel package will be renamed from release 2.8; in order to keep installing from binary please use "pip install psycopg2-binary" instead. For details see: <http://initd.org/psycopg/docs/install.html#binary-install-from-pypi>.
  """)
WARNING:tensorflow:From /Users/wangtaiyi/opt/anaconda3/lib/python3.7/site-packages/rlgraph/utils/initializer.py:94: calling Constant.__init__ (from tensorflow.python.ops.init_ops) with dtype is deprecated and will be removed in a future version.
Instructions for updating:
Call initializer instance with the dtype argument instead of passing it to the constructor
<tensorflow.python.ops.init_ops.TruncatedNormal object at 0x7fb93ea91b10>
<tensorflow.python.ops.init_ops.TruncatedNormal object at 0x7fb93e9b5090>
WARNING / deprecation / From /Users/wangtaiyi/opt/anaconda3/lib/python3.7/site-packages/rlgraph/utils/initializer.py:94: calling Constant.__init__ (from tensorflow.python.ops.init_ops) with dtype is deprecated and will be removed in a future version.
Instructions for updating:
Call initializer instance with the dtype argument instead of passing it to the constructor

WARNING:tensorflow:From /Users/wangtaiyi/opt/anaconda3/lib/python3.7/site-packages/rlgraph/components/helpers/segment_tree.py:236: div (from tensorflow.python.ops.math_ops) is deprecated and will be removed in a future version.
Instructions for updating:
Deprecated in favor of operator or tf.math.divide.
WARNING / deprecation / From /Users/wangtaiyi/opt/anaconda3/lib/python3.7/site-packages/rlgraph/components/helpers/segment_tree.py:236: div (from tensorflow.python.ops.math_ops) is deprecated and will be removed in a future version.
Instructions for updating:
Deprecated in favor of operator or tf.math.divide.

WARNING:tensorflow:From /Users/wangtaiyi/opt/anaconda3/lib/python3.7/site-packages/rlgraph/components/memories/prioritized_replay.py:168: calling map_fn (from tensorflow.python.ops.map_fn) with dtype is deprecated and will be removed in a future version.
Instructions for updating:
Use fn_output_signature instead
WARNING / deprecation / From /Users/wangtaiyi/opt/anaconda3/lib/python3.7/site-packages/rlgraph/components/memories/prioritized_replay.py:168: calling map_fn (from tensorflow.python.ops.map_fn) with dtype is deprecated and will be removed in a future version.
Instructions for updating:
Use fn_output_signature instead

WARNING:tensorflow:AutoGraph could not transform <bound method SegmentTree.index_of_prefixsum of <rlgraph.components.helpers.segment_tree.SegmentTree object at 0x7fb93eb4a2d0>> and will run it as-is.
Please report this to the TensorFlow team. When filing the bug, set the verbosity to 10 (on Linux, `export AUTOGRAPH_VERBOSITY=10`) and attach the full output.
Cause: module 'gast' has no attribute 'Constant'
To silence this warning, decorate the function with @tf.autograph.experimental.do_not_convert
WARNING / ag_logging / AutoGraph could not transform <bound method SegmentTree.index_of_prefixsum of <rlgraph.components.helpers.segment_tree.SegmentTree object at 0x7fb93eb4a2d0>> and will run it as-is.
Please report this to the TensorFlow team. When filing the bug, set the verbosity to 10 (on Linux, `export AUTOGRAPH_VERBOSITY=10`) and attach the full output.
Cause: module 'gast' has no attribute 'Constant'
To silence this warning, decorate the function with @tf.autograph.experimental.do_not_convert

WARNING:tensorflow:AutoGraph could not transform <function PrioritizedReplay._graph_fn_get_records.<locals>.importance_sampling_fn at 0x7fb93e989950> and will run it as-is.
Please report this to the TensorFlow team. When filing the bug, set the verbosity to 10 (on Linux, `export AUTOGRAPH_VERBOSITY=10`) and attach the full output.
Cause: 'arguments' object has no attribute 'posonlyargs'
To silence this warning, decorate the function with @tf.autograph.experimental.do_not_convert
WARNING / ag_logging / AutoGraph could not transform <function PrioritizedReplay._graph_fn_get_records.<locals>.importance_sampling_fn at 0x7fb93e989950> and will run it as-is.
Please report this to the TensorFlow team. When filing the bug, set the verbosity to 10 (on Linux, `export AUTOGRAPH_VERBOSITY=10`) and attach the full output.
Cause: 'arguments' object has no attribute 'posonlyargs'
To silence this warning, decorate the function with @tf.autograph.experimental.do_not_convert

INFO / graph_builder / Computation-Graph build completed in 2.023885690000001 s (93 iterations).

INFO / graph_builder / Actual graph ops generated: 3773

INFO / graph_builder / Number of trainable parameters: 284333

INFO / tensorflow_executor / Checking if all visible devices are in use for strategy: default. Available devices are: ['/device:CPU:0'].

WARNING / tensorflow_executor / Warning: Device /device:CPU:0 is usable but has not been assigned.

INFO / tensorflow_executor / Setting up singular monitored session for non-distributed mode. Session config: allow_soft_placement: true


INFO:tensorflow:Graph was finalized.
INFO / monitored_session / Graph was finalized.

INFO:tensorflow:Running local_init_op.
INFO / session_manager / Running local_init_op.

INFO:tensorflow:Done running local_init_op.
INFO / session_manager / Done running local_init_op.

INFO / task_graph / Adding task  to task-graph.

INFO / postgres_controller / numpy seed: 17

INFO / postgres_controller / pytorch seed: 16664976456399141361

INFO / workload_processor / computing column selectivities...

INFO / workload_processor / ...took 77.99 seconds

INFO / postgres_controller / TRAINING

INFO / postgres_controller / Starting episode 1/5

INFO / postgres_controller / workload cols: ['L_TAX', 'L_ORDERKEY', 'L_RETURNFLAG', 'L_LINENUMBER', 'L_EXTENDEDPRICE', 'L_SHIPDATE', 'L_PARTKEY', 'L_QUANTITY'] system action: ['L_RETURNFLAG'] explained_idx: [] existing_idx: []

INFO / postgres_controller / workload cols: ['L_ORDERKEY', 'L_COMMITDATE', 'L_EXTENDEDPRICE', 'L_COMMENT', 'L_RECEIPTDATE', 'L_SUPPKEY'] system action: ['L_EXTENDEDPRICE'] explained_idx: [] existing_idx: []

INFO / postgres_controller / workload cols: ['L_DISCOUNT', 'L_SHIPMODE', 'L_ORDERKEY', 'L_COMMITDATE', 'L_EXTENDEDPRICE', 'L_COMMENT', 'L_RECEIPTDATE', 'L_LINENUMBER', 'L_PARTKEY', 'L_QUANTITY'] system action: ['L_ORDERKEY', 'L_SHIPMODE'] explained_idx: [] existing_idx: ['L_EXTENDEDPRICE']

INFO / postgres_controller / Completed episode: actions taken: noop:0.00 duplicate_index:0.00 index:3.00 avg reward per step: -2.93 avg workload runtime: 1.88 avg query runtime: 0.38 intxn opps: 1, opps taken: 0 index set size 3/655

INFO / postgres_controller / Starting episode 2/5

INFO / postgres_controller / workload cols: ['L_LINESTATUS', 'L_SHIPINSTRUCT', 'L_ORDERKEY', 'L_COMMITDATE', 'L_EXTENDEDPRICE', 'L_COMMENT', 'L_RECEIPTDATE', 'L_LINENUMBER', 'L_PARTKEY', 'L_QUANTITY'] system action: ['L_ORDERKEY', 'L_SHIPINSTRUCT', 'L_LINESTATUS'] explained_idx: [] existing_idx: []

INFO / postgres_controller / workload cols: ['L_DISCOUNT', 'L_LINESTATUS', 'L_TAX', 'L_SHIPMODE', 'L_ORDERKEY', 'L_LINENUMBER', 'L_COMMENT', 'L_RECEIPTDATE', 'L_SHIPDATE', 'L_SUPPKEY', 'L_PARTKEY'] system action: ['L_TAX', 'L_LINESTATUS'] explained_idx: [] existing_idx: ['L_ORDERKEY', 'L_SHIPINSTRUCT', 'L_LINESTATUS']

INFO / postgres_controller / workload cols: ['L_DISCOUNT', 'L_LINESTATUS', 'L_SHIPMODE', 'L_SHIPINSTRUCT', 'L_COMMITDATE', 'L_RETURNFLAG', 'L_LINENUMBER', 'L_EXTENDEDPRICE', 'L_ORDERKEY', 'L_SHIPDATE', 'L_PARTKEY'] system action: ['L_LINESTATUS', 'L_DISCOUNT', 'L_SHIPMODE'] explained_idx: [] existing_idx: ['L_ORDERKEY', 'L_SHIPINSTRUCT', 'L_LINESTATUS']

INFO / postgres_controller / Completed episode: actions taken: noop:0.00 duplicate_index:0.00 index:3.00 avg reward per step: -4.49 avg workload runtime: 2.94 avg query runtime: 0.59 intxn opps: 2, opps taken: 0 index set size 3/846

INFO / postgres_controller / Starting episode 3/5

INFO / postgres_controller / workload cols: ['L_TAX', 'L_ORDERKEY', 'L_RETURNFLAG', 'L_COMMITDATE', 'L_EXTENDEDPRICE', 'L_COMMENT', 'L_SUPPKEY', 'L_PARTKEY'] system action: ['L_RETURNFLAG'] explained_idx: [] existing_idx: []

INFO / postgres_controller / workload cols: ['L_SHIPINSTRUCT', 'L_ORDERKEY', 'L_RETURNFLAG', 'L_EXTENDEDPRICE', 'L_COMMENT', 'L_RECEIPTDATE', 'L_SHIPDATE', 'L_SUPPKEY'] system action: ['L_ORDERKEY'] explained_idx: [] existing_idx: ['L_RETURNFLAG']

INFO / postgres_controller / workload cols: ['L_LINESTATUS', 'L_SHIPMODE', 'L_SHIPDATE', 'L_EXTENDEDPRICE', 'L_COMMENT', 'L_LINENUMBER', 'L_SUPPKEY', 'L_PARTKEY'] system action: ['L_LINESTATUS', 'L_SHIPDATE'] explained_idx: [] existing_idx: []

INFO / postgres_controller / Completed episode: actions taken: noop:0.00 duplicate_index:0.00 index:3.00 avg reward per step: -5.30 avg workload runtime: 3.89 avg query runtime: 0.78 intxn opps: 1, opps taken: 0 index set size 3/399

INFO / postgres_controller / Starting episode 4/5

INFO / postgres_controller / workload cols: ['L_DISCOUNT', 'L_TAX', 'L_SHIPMODE', 'L_COMMITDATE', 'L_RETURNFLAG', 'L_COMMENT', 'L_RECEIPTDATE', 'L_SHIPDATE', 'L_SUPPKEY', 'L_QUANTITY'] system action: ['L_DISCOUNT'] explained_idx: [] existing_idx: []

INFO / postgres_controller / workload cols: ['L_DISCOUNT', 'L_TAX', 'L_LINESTATUS', 'L_ORDERKEY', 'L_COMMITDATE', 'L_EXTENDEDPRICE', 'L_COMMENT', 'L_SHIPDATE', 'L_SUPPKEY', 'L_PARTKEY', 'L_QUANTITY'] system action: ['L_LINESTATUS'] explained_idx: [] existing_idx: ['L_DISCOUNT']

INFO / postgres_controller / workload cols: ['L_DISCOUNT', 'L_TAX', 'L_COMMITDATE', 'L_ORDERKEY', 'L_EXTENDEDPRICE', 'L_COMMENT', 'L_RECEIPTDATE', 'L_PARTKEY', 'L_QUANTITY'] system action: ['L_TAX'] explained_idx: [] existing_idx: ['L_DISCOUNT']

INFO / postgres_controller / Completed episode: actions taken: noop:0.00 duplicate_index:0.00 index:3.00 avg reward per step: -3.77 avg workload runtime: 2.57 avg query runtime: 0.51 intxn opps: 2, opps taken: 0 index set size 3/542

INFO / postgres_controller / Starting episode 5/5

INFO / postgres_controller / workload cols: ['L_TAX', 'L_LINESTATUS', 'L_SHIPMODE', 'L_ORDERKEY', 'L_COMMITDATE', 'L_EXTENDEDPRICE', 'L_COMMENT', 'L_SHIPDATE', 'L_PARTKEY'] system action: ['L_TAX', 'L_SHIPMODE'] explained_idx: [] existing_idx: []

INFO / postgres_controller / workload cols: ['L_LINESTATUS', 'L_SHIPMODE', 'L_ORDERKEY', 'L_EXTENDEDPRICE', 'L_COMMENT', 'L_RECEIPTDATE', 'L_SUPPKEY'] system action: ['L_SHIPMODE', 'L_ORDERKEY'] explained_idx: [] existing_idx: []

INFO / postgres_controller / workload cols: ['L_DISCOUNT', 'L_TAX', 'L_SHIPMODE', 'L_SHIPINSTRUCT', 'L_ORDERKEY', 'L_COMMITDATE', 'L_EXTENDEDPRICE', 'L_COMMENT', 'L_RECEIPTDATE', 'L_PARTKEY'] system action: ['L_SHIPMODE'] explained_idx: [] existing_idx: ['L_TAX', 'L_SHIPMODE']

INFO / postgres_controller / Completed episode: actions taken: noop:0.00 duplicate_index:0.00 index:3.00 avg reward per step: -2.41 avg workload runtime: 1.36 avg query runtime: 0.27 intxn opps: 1, opps taken: 0 index set size 3/665

INFO / postgres_controller / TESTING

INFO:tensorflow:../res/tpch_05-25-22_16:43/dqn/dqn is not in all_model_checkpoint_paths. Manually adding it.
INFO / checkpoint_management / ../res/tpch_05-25-22_16:43/dqn/dqn is not in all_model_checkpoint_paths. Manually adding it.

INFO / tensorflow_executor / Stored model to path: ../res/tpch_05-25-22_16:43/dqn/dqn

INFO / postgres_controller / RAN TO COMPLETION

